[debug] [2021-05-19T04:26:43.292Z] ----------------------------------------------------------------------
[debug] [2021-05-19T04:26:43.297Z] Command:       /usr/local/bin/firebase /home/yesser/.cache/firebase/tools/lib/node_modules/firebase-tools/lib/bin/firebase init
[debug] [2021-05-19T04:26:43.297Z] CLI Version:   9.11.0
[debug] [2021-05-19T04:26:43.298Z] Platform:      linux
[debug] [2021-05-19T04:26:43.298Z] Node Version:  v12.18.1
[debug] [2021-05-19T04:26:43.299Z] Time:          Tue May 18 2021 22:26:43 GMT-0600 (GMT-06:00)
[debug] [2021-05-19T04:26:43.299Z] ----------------------------------------------------------------------
[debug] 
[debug] [2021-05-19T04:26:43.323Z] > command requires scopes: ["email","openid","https://www.googleapis.com/auth/cloudplatformprojects.readonly","https://www.googleapis.com/auth/firebase","https://www.googleapis.com/auth/cloud-platform"]
[debug] [2021-05-19T04:26:43.324Z] > authorizing via signed-in user (yessermiranda15@gmail.com)
[info] 
     ######## #### ########  ######## ########     ###     ######  ########
     ##        ##  ##     ## ##       ##     ##  ##   ##  ##       ##
     ######    ##  ########  ######   ########  #########  ######  ######
     ##        ##  ##    ##  ##       ##     ## ##     ##       ## ##
     ##       #### ##     ## ######## ########  ##     ##  ######  ########

You're about to initialize a Firebase project in this directory:

  /media/yesser/Respaldo/REACTJS/restaurantecliente

Before we get started, keep in mind:

  * You are currently outside your home directory

[info] 
=== Project Setup
[info] 
[info] First, let's associate this project directory with a Firebase project.
[info] You can create multiple project aliases by running firebase use --add, 
[info] but for now we'll just set up a default project.
[info] 
[debug] [2021-05-19T04:27:16.458Z] >>> [apiv2][query] GET https://firebase.googleapis.com/v1beta1/projects pageSize=100
[debug] [2021-05-19T04:27:17.042Z] <<< [apiv2][status] GET https://firebase.googleapis.com/v1beta1/projects 200
[debug] [2021-05-19T04:27:17.042Z] <<< [apiv2][body] GET https://firebase.googleapis.com/v1beta1/projects [omitted]
[info] i  Using project restaurant-9ae1c (Restaurant) 
[info] 
=== Hosting Setup
[info] 
[info] Your public directory is the folder (relative to your project directory) that
[info] will contain Hosting assets to be uploaded with firebase deploy. If you
[info] have a build process for your assets, use your build's output directory.
[info] 
